    1  passwd
    2  wget www.github.com
    3  cd
    4  ls
    5  cd ~/Desktop
    6  exit
    7  wget www.github.com
    8  git remote add origin https://github.com/Azusena/CS131.git
    9  git init
   10  git init https://github.com/Azusena/CS131.git
   11  ls
   12  rm index.html
   13  ls
   14  git status
   15  git branch
   16  git stats
   17  git remote add origin https://github.com/Azusena/CS131.git
   18  git status
   19  ls
   20  git branch
   21  git push
   22  git branch worksheets
   23  cd Desktop
   24  ls
   25  exit
   26  wget www.github.com
   27  cd
   28  cd Desktop
   29  mkdir CS131
   30  ls
   31  mv index.html
   32  mv -- help
   33  mv --help
   34  ls
   35  mv index.html/CS131
   36  mv index.html CS131
   37  LS
   38  ls
   39  cd CS 131
   40  cd CS131
   41  git init
   42  git status
   43  mkdir ws1
   44  ls
   45  mv index.html ws1
   46  ls
   47  ws1 
   48  cd ws1
   49  history > cmds.log"
   50  history > cmds.log
   51  exit
   52  git init
   53  exit
   54  ls
   55  cd CS131
   56  git init
   57  git status
   58  ls 
   59  cd ws1
   60  ls
   61  history > cmds.log
